2025-05-20 13:05:47 - INFO - 应用启动
2025-05-20 13:05:47 - INFO - 应用启动
2025-05-20 13:05:56 - INFO - 收到停止捕获请求
2025-05-20 13:05:56 - INFO - 开始新的捕获任务: rtmp://stream.uatair.com:1935/live/traffic
2025-05-20 13:05:56 - INFO - 开始捕获视频流: rtmp://stream.uatair.com:1935/live/traffic
2025-05-20 13:06:03 - INFO - 视频流打开成功，开始捕获帧
2025-05-20 13:06:03 - INFO - 创建新文件夹: static\captures\20250520_1306
2025-05-20 13:06:25 - INFO - 成功保存图片: static\captures\20250520_1306\frame_20250520_130625.jpg
2025-05-20 13:06:27 - INFO - 成功保存图片: static\captures\20250520_1306\frame_20250520_130627.jpg
2025-05-20 13:06:28 - INFO - 成功保存图片: static\captures\20250520_1306\frame_20250520_130628.jpg
2025-05-20 13:06:29 - INFO - 成功保存图片: static\captures\20250520_1306\frame_20250520_130629.jpg
2025-05-20 13:06:31 - INFO - 成功保存图片: static\captures\20250520_1306\frame_20250520_130630.jpg
2025-05-20 13:06:32 - INFO - 成功保存图片: static\captures\20250520_1306\frame_20250520_130632.jpg
2025-05-20 13:06:33 - INFO - 成功保存图片: static\captures\20250520_1306\frame_20250520_130633.jpg
2025-05-20 13:06:34 - INFO - 成功保存图片: static\captures\20250520_1306\frame_20250520_130634.jpg
2025-05-20 13:06:35 - INFO - 成功保存图片: static\captures\20250520_1306\frame_20250520_130635.jpg
2025-05-20 13:06:36 - INFO - 成功保存图片: static\captures\20250520_1306\frame_20250520_130636.jpg
2025-05-20 13:06:37 - INFO - 成功保存图片: static\captures\20250520_1306\frame_20250520_130637.jpg
2025-05-20 13:06:38 - INFO - 成功保存图片: static\captures\20250520_1306\frame_20250520_130638.jpg
2025-05-20 13:06:39 - INFO - 成功保存图片: static\captures\20250520_1306\frame_20250520_130639.jpg
2025-05-20 13:06:40 - INFO - 成功保存图片: static\captures\20250520_1306\frame_20250520_130640.jpg
2025-05-20 13:06:42 - INFO - 成功保存图片: static\captures\20250520_1306\frame_20250520_130641.jpg
2025-05-20 13:06:42 - INFO - 应用启动
2025-05-20 13:07:17 - INFO - 获取文件夹 20250520_1306 中的图片列表，共 15 张图片
2025-05-20 13:07:18 - INFO - 获取文件夹 20250520_1304 中的图片列表，共 30 张图片
2025-05-20 13:07:19 - INFO - 获取文件夹 20250520_1304 中的图片列表，共 30 张图片
2025-05-20 13:07:19 - INFO - 获取文件夹 20250520_1303 中的图片列表，共 28 张图片
2025-05-20 13:07:20 - INFO - 获取文件夹 20250520_1302 中的图片列表，共 0 张图片
2025-05-20 13:07:21 - INFO - 获取文件夹 20250520_1303 中的图片列表，共 28 张图片
2025-05-20 13:07:21 - INFO - 获取文件夹 20250520_1304 中的图片列表，共 30 张图片
2025-05-20 13:07:29 - INFO - 获取文件夹 20250520_1306 中的图片列表，共 15 张图片
2025-05-20 13:09:47 - INFO - 应用启动
2025-05-20 13:10:05 - INFO - 应用启动
2025-05-20 13:11:54 - INFO - 应用启动
2025-05-20 13:12:55 - INFO - 视频流打开成功，开始捕获帧
2025-05-20 13:12:55 - INFO - 创建新文件夹: static/captures\20250520_1312
2025-05-20 13:12:55 - INFO - 停止捕获视频流
2025-05-20 13:13:25 - INFO - 视频流打开成功，开始捕获帧
2025-05-20 13:13:25 - INFO - 创建新文件夹: static/captures\20250520_1313
2025-05-20 13:13:55 - WARNING - 无法读取视频帧 (尝试 1/5)
2025-05-20 13:14:26 - WARNING - 无法读取视频帧 (尝试 2/5)
2025-05-20 13:14:26 - INFO - 尝试重新连接视频流...
